<?xml version="1.0" encoding="UTF-8"?>
<!-- Generated by org.testng.reporters.JUnitReportReporter -->
<testsuite hostname="ABIMOHAN" failures="0" tests="3" name="gitProject.GitProject" time="4.390" errors="0" timestamp="2021-07-09T20:48:49 IST" skipped="0">
  <testcase classname="gitProject.GitProject" name="postAPITestCase" time="3.429"/>
  <system-out/>
  <testcase classname="gitProject.GitProject" name="getAPITestCase" time="0.482"/>
  <system-out/>
  <testcase classname="gitProject.GitProject" name="deleteAPITestCase" time="0.479"/>
  <system-out/>
</testsuite> <!-- gitProject.GitProject -->
